This is pdfTeX, Version 3.14159265-2.6-1.40.18 (TeX Live 2017/Debian) (preloaded format=pdflatex 2018.9.29)  5 OCT 2018 15:30
entering extended mode
 restricted \write18 enabled.
 %&-line parsing enabled.
**report.tex
(./report.tex
LaTeX2e <2017-04-15>
Babel <3.18> and hyphenation patterns for 84 language(s) loaded.
(/usr/share/texlive/texmf-dist/tex/latex/base/article.cls
Document Class: article 2014/09/29 v1.4h Standard LaTeX document class
(/usr/share/texlive/texmf-dist/tex/latex/base/size10.clo
File: size10.clo 2014/09/29 v1.4h Standard LaTeX file (size option)
)
\c@part=\count79
\c@section=\count80
\c@subsection=\count81
\c@subsubsection=\count82
\c@paragraph=\count83
\c@subparagraph=\count84
\c@figure=\count85
\c@table=\count86
\abovecaptionskip=\skip41
\belowcaptionskip=\skip42
\bibindent=\dimen102
)
(/usr/share/texlive/texmf-dist/tex/latex/hyperref/hyperref.sty
Package: hyperref 2018/02/06 v6.86b Hypertext links for LaTeX

(/usr/share/texlive/texmf-dist/tex/generic/oberdiek/hobsub-hyperref.sty
Package: hobsub-hyperref 2016/05/16 v1.14 Bundle oberdiek, subset hyperref (HO)


(/usr/share/texlive/texmf-dist/tex/generic/oberdiek/hobsub-generic.sty
Package: hobsub-generic 2016/05/16 v1.14 Bundle oberdiek, subset generic (HO)
Package: hobsub 2016/05/16 v1.14 Construct package bundles (HO)
Package: infwarerr 2016/05/16 v1.4 Providing info/warning/error messages (HO)
Package: ltxcmds 2016/05/16 v1.23 LaTeX kernel commands for general use (HO)
Package: ifluatex 2016/05/16 v1.4 Provides the ifluatex switch (HO)
Package ifluatex Info: LuaTeX not detected.
Package: ifvtex 2016/05/16 v1.6 Detect VTeX and its facilities (HO)
Package ifvtex Info: VTeX not detected.
Package: intcalc 2016/05/16 v1.2 Expandable calculations with integers (HO)
Package: ifpdf 2017/03/15 v3.2 Provides the ifpdf switch
Package: etexcmds 2016/05/16 v1.6 Avoid name clashes with e-TeX commands (HO)
Package etexcmds Info: Could not find \expanded.
(etexcmds)             That can mean that you are not using pdfTeX 1.50 or
(etexcmds)             that some package has redefined \expanded.
(etexcmds)             In the latter case, load this package earlier.
Package: kvsetkeys 2016/05/16 v1.17 Key value parser (HO)
Package: kvdefinekeys 2016/05/16 v1.4 Define keys (HO)
Package: pdftexcmds 2018/01/21 v0.26 Utility functions of pdfTeX for LuaTeX (HO
)
Package pdftexcmds Info: LuaTeX not detected.
Package pdftexcmds Info: \pdf@primitive is available.
Package pdftexcmds Info: \pdf@ifprimitive is available.
Package pdftexcmds Info: \pdfdraftmode found.
Package: pdfescape 2016/05/16 v1.14 Implements pdfTeX's escape features (HO)
Package: bigintcalc 2016/05/16 v1.4 Expandable calculations on big integers (HO
)
Package: bitset 2016/05/16 v1.2 Handle bit-vector datatype (HO)
Package: uniquecounter 2016/05/16 v1.3 Provide unlimited unique counter (HO)
)
Package hobsub Info: Skipping package `hobsub' (already loaded).
Package: letltxmacro 2016/05/16 v1.5 Let assignment for LaTeX macros (HO)
Package: hopatch 2016/05/16 v1.3 Wrapper for package hooks (HO)
Package: xcolor-patch 2016/05/16 xcolor patch
Package: atveryend 2016/05/16 v1.9 Hooks at the very end of document (HO)
Package atveryend Info: \enddocument detected (standard20110627).
Package: atbegshi 2016/06/09 v1.18 At begin shipout hook (HO)
Package: refcount 2016/05/16 v3.5 Data extraction from label references (HO)
Package: hycolor 2016/05/16 v1.8 Color options for hyperref/bookmark (HO)
)
(/usr/share/texlive/texmf-dist/tex/latex/graphics/keyval.sty
Package: keyval 2014/10/28 v1.15 key=value parser (DPC)
\KV@toks@=\toks14
)
(/usr/share/texlive/texmf-dist/tex/generic/ifxetex/ifxetex.sty
Package: ifxetex 2010/09/12 v0.6 Provides ifxetex conditional
)
(/usr/share/texlive/texmf-dist/tex/latex/oberdiek/auxhook.sty
Package: auxhook 2016/05/16 v1.4 Hooks for auxiliary files (HO)
)
(/usr/share/texlive/texmf-dist/tex/latex/oberdiek/kvoptions.sty
Package: kvoptions 2016/05/16 v3.12 Key value format for package options (HO)
)
\@linkdim=\dimen103
\Hy@linkcounter=\count87
\Hy@pagecounter=\count88

(/usr/share/texlive/texmf-dist/tex/latex/hyperref/pd1enc.def
File: pd1enc.def 2018/02/06 v6.86b Hyperref: PDFDocEncoding definition (HO)
)
\Hy@SavedSpaceFactor=\count89

(/usr/share/texlive/texmf-dist/tex/latex/latexconfig/hyperref.cfg
File: hyperref.cfg 2002/06/06 v1.2 hyperref configuration of TeXLive
)
Package hyperref Info: Hyper figures OFF on input line 4509.
Package hyperref Info: Link nesting OFF on input line 4514.
Package hyperref Info: Hyper index ON on input line 4517.
Package hyperref Info: Plain pages OFF on input line 4524.
Package hyperref Info: Backreferencing OFF on input line 4529.
Package hyperref Info: Implicit mode ON; LaTeX internals redefined.
Package hyperref Info: Bookmarks ON on input line 4762.
\c@Hy@tempcnt=\count90

(/usr/share/texlive/texmf-dist/tex/latex/url/url.sty
\Urlmuskip=\muskip10
Package: url 2013/09/16  ver 3.4  Verb mode for urls, etc.
)
LaTeX Info: Redefining \url on input line 5115.
\XeTeXLinkMargin=\dimen104
\Fld@menulength=\count91
\Field@Width=\dimen105
\Fld@charsize=\dimen106
Package hyperref Info: Hyper figures OFF on input line 6369.
Package hyperref Info: Link nesting OFF on input line 6374.
Package hyperref Info: Hyper index ON on input line 6377.
Package hyperref Info: backreferencing OFF on input line 6384.
Package hyperref Info: Link coloring OFF on input line 6389.
Package hyperref Info: Link coloring with OCG OFF on input line 6394.
Package hyperref Info: PDF/A mode OFF on input line 6399.
LaTeX Info: Redefining \ref on input line 6439.
LaTeX Info: Redefining \pageref on input line 6443.
\Hy@abspage=\count92
\c@Item=\count93
\c@Hfootnote=\count94
)
Package hyperref Info: Driver (autodetected): hpdftex.

(/usr/share/texlive/texmf-dist/tex/latex/hyperref/hpdftex.def
File: hpdftex.def 2018/02/06 v6.86b Hyperref driver for pdfTeX
\Fld@listcount=\count95
\c@bookmark@seq@number=\count96

(/usr/share/texlive/texmf-dist/tex/latex/oberdiek/rerunfilecheck.sty
Package: rerunfilecheck 2016/05/16 v1.8 Rerun checks for auxiliary files (HO)
Package uniquecounter Info: New unique counter `rerunfilecheck' on input line 2
82.
)
\Hy@SectionHShift=\skip43
)
(/usr/share/texlive/texmf-dist/tex/latex/lipsum/lipsum.sty
Package: lipsum 2014/07/27 v1.3 150 paragraphs of Lorem Ipsum dummy text
\c@lips@count=\count97
)
(/usr/share/texlive/texmf-dist/tex/latex/mathtools/mathtools.sty
Package: mathtools 2018/01/08 v1.21 mathematical typesetting tools

(/usr/share/texlive/texmf-dist/tex/latex/tools/calc.sty
Package: calc 2014/10/28 v4.3 Infix arithmetic (KKT,FJ)
\calc@Acount=\count98
\calc@Bcount=\count99
\calc@Adimen=\dimen107
\calc@Bdimen=\dimen108
\calc@Askip=\skip44
\calc@Bskip=\skip45
LaTeX Info: Redefining \setlength on input line 80.
LaTeX Info: Redefining \addtolength on input line 81.
\calc@Ccount=\count100
\calc@Cskip=\skip46
)
(/usr/share/texlive/texmf-dist/tex/latex/mathtools/mhsetup.sty
Package: mhsetup 2017/03/31 v1.3 programming setup (MH)
)
(/usr/share/texlive/texmf-dist/tex/latex/amsmath/amsmath.sty
Package: amsmath 2017/09/02 v2.17a AMS math features
\@mathmargin=\skip47

For additional information on amsmath, use the `?' option.
(/usr/share/texlive/texmf-dist/tex/latex/amsmath/amstext.sty
Package: amstext 2000/06/29 v2.01 AMS text

(/usr/share/texlive/texmf-dist/tex/latex/amsmath/amsgen.sty
File: amsgen.sty 1999/11/30 v2.0 generic functions
\@emptytoks=\toks15
\ex@=\dimen109
))
(/usr/share/texlive/texmf-dist/tex/latex/amsmath/amsbsy.sty
Package: amsbsy 1999/11/29 v1.2d Bold Symbols
\pmbraise@=\dimen110
)
(/usr/share/texlive/texmf-dist/tex/latex/amsmath/amsopn.sty
Package: amsopn 2016/03/08 v2.02 operator names
)
\inf@bad=\count101
LaTeX Info: Redefining \frac on input line 213.
\uproot@=\count102
\leftroot@=\count103
LaTeX Info: Redefining \overline on input line 375.
\classnum@=\count104
\DOTSCASE@=\count105
LaTeX Info: Redefining \ldots on input line 472.
LaTeX Info: Redefining \dots on input line 475.
LaTeX Info: Redefining \cdots on input line 596.
\Mathstrutbox@=\box26
\strutbox@=\box27
\big@size=\dimen111
LaTeX Font Info:    Redeclaring font encoding OML on input line 712.
LaTeX Font Info:    Redeclaring font encoding OMS on input line 713.
\macc@depth=\count106
\c@MaxMatrixCols=\count107
\dotsspace@=\muskip11
\c@parentequation=\count108
\dspbrk@lvl=\count109
\tag@help=\toks16
\row@=\count110
\column@=\count111
\maxfields@=\count112
\andhelp@=\toks17
\eqnshift@=\dimen112
\alignsep@=\dimen113
\tagshift@=\dimen114
\tagwidth@=\dimen115
\totwidth@=\dimen116
\lineht@=\dimen117
\@envbody=\toks18
\multlinegap=\skip48
\multlinetaggap=\skip49
\mathdisplay@stack=\toks19
LaTeX Info: Redefining \[ on input line 2817.
LaTeX Info: Redefining \] on input line 2818.
)
LaTeX Info: Thecontrolsequence`\('isalreadyrobust on input line 129.
LaTeX Info: Thecontrolsequence`\)'isalreadyrobust on input line 129.
LaTeX Info: Thecontrolsequence`\['isalreadyrobust on input line 129.
LaTeX Info: Thecontrolsequence`\]'isalreadyrobust on input line 129.
\g_MT_multlinerow_int=\count113
\l_MT_multwidth_dim=\dimen118
\origjot=\skip50
\l_MT_shortvdotswithinadjustabove_dim=\dimen119
\l_MT_shortvdotswithinadjustbelow_dim=\dimen120
\l_MT_above_intertext_sep=\dimen121
\l_MT_below_intertext_sep=\dimen122
\l_MT_above_shortintertext_sep=\dimen123
\l_MT_below_shortintertext_sep=\dimen124
)
(/usr/share/texlive/texmf-dist/tex/latex/geometry/geometry.sty
Package: geometry 2010/09/12 v5.6 Page Geometry
\Gm@cnth=\count114
\Gm@cntv=\count115
\c@Gm@tempcnt=\count116
\Gm@bindingoffset=\dimen125
\Gm@wd@mp=\dimen126
\Gm@odd@mp=\dimen127
\Gm@even@mp=\dimen128
\Gm@layoutwidth=\dimen129
\Gm@layoutheight=\dimen130
\Gm@layouthoffset=\dimen131
\Gm@layoutvoffset=\dimen132
\Gm@dimlist=\toks20
)
(/usr/share/texlive/texmf-dist/tex/latex/fancyhdr/fancyhdr.sty
Package: fancyhdr 2017/06/30 v3.9a Extensive control of page headers and footer
s
\f@nch@headwidth=\skip51
\f@nch@O@elh=\skip52
\f@nch@O@erh=\skip53
\f@nch@O@olh=\skip54
\f@nch@O@orh=\skip55
\f@nch@O@elf=\skip56
\f@nch@O@erf=\skip57
\f@nch@O@olf=\skip58
\f@nch@O@orf=\skip59
)
No file report.aux.
\openout1 = `report.aux'.

LaTeX Font Info:    Checking defaults for OML/cmm/m/it on input line 13.
LaTeX Font Info:    ... okay on input line 13.
LaTeX Font Info:    Checking defaults for T1/cmr/m/n on input line 13.
LaTeX Font Info:    ... okay on input line 13.
LaTeX Font Info:    Checking defaults for OT1/cmr/m/n on input line 13.
LaTeX Font Info:    ... okay on input line 13.
LaTeX Font Info:    Checking defaults for OMS/cmsy/m/n on input line 13.
LaTeX Font Info:    ... okay on input line 13.
LaTeX Font Info:    Checking defaults for OMX/cmex/m/n on input line 13.
LaTeX Font Info:    ... okay on input line 13.
LaTeX Font Info:    Checking defaults for U/cmr/m/n on input line 13.
LaTeX Font Info:    ... okay on input line 13.
LaTeX Font Info:    Checking defaults for PD1/pdf/m/n on input line 13.
LaTeX Font Info:    ... okay on input line 13.
\AtBeginShipoutBox=\box28
Package hyperref Info: Link coloring OFF on input line 13.
(/usr/share/texlive/texmf-dist/tex/latex/hyperref/nameref.sty
Package: nameref 2016/05/21 v2.44 Cross-referencing by name of section

(/usr/share/texlive/texmf-dist/tex/generic/oberdiek/gettitlestring.sty
Package: gettitlestring 2016/05/16 v1.5 Cleanup title references (HO)
)
\c@section@level=\count117
)
LaTeX Info: Redefining \ref on input line 13.
LaTeX Info: Redefining \pageref on input line 13.
LaTeX Info: Redefining \nameref on input line 13.
\@outlinefile=\write3
\openout3 = `report.out'.


(/usr/share/texlive/texmf-dist/tex/latex/graphics/graphicx.sty
Package: graphicx 2017/06/01 v1.1a Enhanced LaTeX Graphics (DPC,SPQR)

(/usr/share/texlive/texmf-dist/tex/latex/graphics/graphics.sty
Package: graphics 2017/06/25 v1.2c Standard LaTeX Graphics (DPC,SPQR)

(/usr/share/texlive/texmf-dist/tex/latex/graphics/trig.sty
Package: trig 2016/01/03 v1.10 sin cos tan (DPC)
)
(/usr/share/texlive/texmf-dist/tex/latex/graphics-cfg/graphics.cfg
File: graphics.cfg 2016/06/04 v1.11 sample graphics configuration
)
Package graphics Info: Driver file: pdftex.def on input line 99.

(/usr/share/texlive/texmf-dist/tex/latex/graphics-def/pdftex.def
File: pdftex.def 2018/01/08 v1.0l Graphics/color driver for pdftex

(/usr/share/texlive/texmf-dist/tex/context/base/mkii/supp-pdf.mkii
[Loading MPS to PDF converter (version 2006.09.02).]
\scratchcounter=\count118
\scratchdimen=\dimen133
\scratchbox=\box29
\nofMPsegments=\count119
\nofMParguments=\count120
\everyMPshowfont=\toks21
\MPscratchCnt=\count121
\MPscratchDim=\dimen134
\MPnumerator=\count122
\makeMPintoPDFobject=\count123
\everyMPtoPDFconversion=\toks22
))) (/usr/share/texlive/texmf-dist/tex/latex/oberdiek/epstopdf-base.sty
Package: epstopdf-base 2016/05/15 v2.6 Base part for package epstopdf

(/usr/share/texlive/texmf-dist/tex/latex/oberdiek/grfext.sty
Package: grfext 2016/05/16 v1.2 Manage graphics extensions (HO)
)
Package epstopdf-base Info: Redefining graphics rule for `.eps' on input line 4
38.
Package grfext Info: Graphics extension search list:
(grfext)             [.pdf,.png,.jpg,.mps,.jpeg,.jbig2,.jb2,.PDF,.PNG,.JPG,.JPE
G,.JBIG2,.JB2,.eps]
(grfext)             \AppendGraphicsExtensions on input line 456.

(/usr/share/texlive/texmf-dist/tex/latex/latexconfig/epstopdf-sys.cfg
File: epstopdf-sys.cfg 2010/07/13 v1.3 Configuration of (r)epstopdf for TeX Liv
e
))
\Gin@req@height=\dimen135
\Gin@req@width=\dimen136
)
*geometry* driver: auto-detecting
*geometry* detected driver: pdftex
*geometry* verbose mode - [ preamble ] result:
* driver: pdftex
* paper: <default>
* layout: <same size as paper>
* layoutoffset:(h,v)=(0.0pt,0.0pt)
* modes: includefoot 
* h-part:(L,W,R)=(72.26999pt, 469.75502pt, 72.26999pt)
* v-part:(T,H,B)=(72.26999pt, 650.43001pt, 72.26999pt)
* \paperwidth=614.295pt
* \paperheight=794.96999pt
* \textwidth=469.75502pt
* \textheight=620.43001pt
* \oddsidemargin=0.0pt
* \evensidemargin=0.0pt
* \topmargin=-37.0pt
* \headheight=12.0pt
* \headsep=25.0pt
* \topskip=10.0pt
* \footskip=30.0pt
* \marginparwidth=65.0pt
* \marginparsep=11.0pt
* \columnsep=10.0pt
* \skip\footins=9.0pt plus 4.0pt minus 2.0pt
* \hoffset=0.0pt
* \voffset=0.0pt
* \mag=1000
* \@twocolumnfalse
* \@twosidefalse
* \@mparswitchfalse
* \@reversemarginfalse
* (1in=72.27pt=25.4mm, 1cm=28.453pt)


LaTeX Font Warning: Font shape `OT1/cmr/bx/sc' undefined
(Font)              using `OT1/cmr/bx/n' instead on input line 32.

[1

{/var/lib/texmf/fonts/map/pdftex/updmap/pdftex.map}]
! Missing $ inserted.
<inserted text> 
                $
l.72 
     
? 
! Missing } inserted.
<inserted text> 
                }
l.72 
     
? 
! Display math should end with $$.
<to be read again> 
                   \@@par 
l.72 
     
? 
! Extra }, or forgotten \endgroup.
\par ...m \@noitemerr {\@@par }\fi \else {\@@par }
                                                  \fi 
l.72 
     
? 

! LaTeX Error: Bad math environment delimiter.

See the LaTeX manual or LaTeX Companion for explanation.
Type  H <return>  for immediate help.
 ...                                              
                                                  
l.73      \]
            
? 
! Missing $ inserted.
<inserted text> 
                $
l.73      \]
            
? 
! Display math should end with $$.
<to be read again> 
                   \endgroup 
l.73      \]
            
? 
! Missing $ inserted.
<inserted text> 
                $
l.77      \\vector would have components [\alpha
                                                _{1},\alpha_{2},...,\alpha_{...

? 
! Missing $ inserted.
<inserted text> 
                $
l.79 
     
? 
! Missing } inserted.
<inserted text> 
                }
l.79 
     
? 
! Extra }, or forgotten \endgroup.
\par ...m \@noitemerr {\@@par }\fi \else {\@@par }
                                                  \fi 
l.79 
     
? 
pdfTeX warning (ext4): destination with the same identifier (name{page.1}) has 
been already used, duplicate ignored
<to be read again> 
                   \relax 
l.97 
      [1]
! Missing $ inserted.
<inserted text> 
                $
l.100 ...a subscript i, to each beta to form \beta
                                                  _{i}
? 
! Missing $ inserted.
<inserted text> 
                $
l.104 
      
? 

Underfull \hbox (badness 10000) in paragraph at lines 100--104

 []

! Missing $ inserted.
<inserted text> 
                $
l.106 
      
? 

! LaTeX Error: Bad math environment delimiter.

See the LaTeX manual or LaTeX Companion for explanation.
Type  H <return>  for immediate help.
 ...                                              
                                                  
l.110 \end{math}
                
? 

! LaTeX Error: There's no line here to end.

See the LaTeX manual or LaTeX Companion for explanation.
Type  H <return>  for immediate help.
 ...                                              
                                                  
l.112 T
       hen \hspace{0.5cm} we \hspace{0.5cm} change  \hspace{0.5cm} the \hspa...

? 
! Missing $ inserted.
<inserted text> 
                $
l.117 
      
? 

! LaTeX Error: There's no line here to end.

See the LaTeX manual or LaTeX Companion for explanation.
Type  H <return>  for immediate help.
 ...                                              
                                                  
l.119 W
       e\hspace{0.5cm}approach\hspace{0.5cm}each\hspace{0.5cm}variable\hspac...

? 

Underfull \hbox (badness 10000) in paragraph at lines 119--123

 []


! LaTeX Error: There's no line here to end.

See the LaTeX manual or LaTeX Companion for explanation.
Type  H <return>  for immediate help.
 ...                                              
                                                  
l.127 O
       ne\hspace{0.5cm}can\hspace{0.5cm}then\hspace{0.5cm}simplify\hspace{0....

? 

Underfull \hbox (badness 10000) in paragraph at lines 131--133

 []

[2]

! LaTeX Error: Lonely \item--perhaps a missing list environment.

See the LaTeX manual or LaTeX Companion for explanation.
Type  H <return>  for immediate help.
 ...                                              
                                                  
l.138 \item P
             art\hspace{0.5cm} 1: \hspace{0.5cm}The\hspace{0.5cm} answer \hs...

? 

! LaTeX Error: There's no line here to end.

See the LaTeX manual or LaTeX Companion for explanation.
Type  H <return>  for immediate help.
 ...                                              
                                                  
l.142 
      
? 

! LaTeX Error: Lonely \item--perhaps a missing list environment.

See the LaTeX manual or LaTeX Companion for explanation.
Type  H <return>  for immediate help.
 ...                                              
                                                  
l.143 \item T
             he\hspace{0.5cm} answer\hspace{0.5cm} is \hspace{0.5cm}no\hspac...

? 

Overfull \hbox (8.2078pt too wide) in paragraph at lines 143--144
\OT1/cmr/m/n/10 straight  line  and  thus  in-creas-ing  the  poly-no-mial  de-
gree will in-crease the train-
 []


! LaTeX Error: Lonely \item--perhaps a missing list environment.

See the LaTeX manual or LaTeX Companion for explanation.
Type  H <return>  for immediate help.
 ...                                              
                                                  
l.145 \item \hspace
                   {0.5cm}The\hspace{0.5cm} answer\hspace{0.5cm} is\hspace{0...

? 
[3]

! LaTeX Error: There's no line here to end.

See the LaTeX manual or LaTeX Companion for explanation.
Type  H <return>  for immediate help.
 ...                                              
                                                  
l.159 \\ T
          hus our error function goes as follows
? 
! Undefined control sequence.
l.160 ...}{2}\sum_{n=1}^{N} \DeclarPairedDelimeter
                                                  \set\{t_{n}-\vec{w^{T}}\ph...

? 
! Undefined control sequence.
l.160 ...\sum_{n=1}^{N} \DeclarPairedDelimeter\set
                                                  \{t_{n}-\vec{w^{T}}\phi(\v...

? 
! Undefined control sequence.
l.163 ...)=-\sum_{n=1}^{N}\DeclaredPairedDelimeter
                                                  \set\{t_{n}-\vec{w}^{T}\ph...

? 
! Undefined control sequence.
l.163 ...sum_{n=1}^{N}\DeclaredPairedDelimeter\set
                                                  \{t_{n}-\vec{w}^{T}\phi(\v...

? 
[4]

! LaTeX Error: Environment subfigure undefined.

See the LaTeX manual or LaTeX Companion for explanation.
Type  H <return>  for immediate help.
 ...                                              
                                                  
l.183 		\begin{subfigure}
                         [b]{0.4\linewidth}
? 
! Missing number, treated as zero.
<to be read again> 
                   }
l.183 		\begin{subfigure}[b]{0.4\linewidth}
                                           
? 
! Illegal unit of measure (pt inserted).
<to be read again> 
                   }
l.183 		\begin{subfigure}[b]{0.4\linewidth}
                                           
? 
<Error_vs_PolyDegree.png, id=44, 462.528pt x 346.896pt>
File: Error_vs_PolyDegree.png Graphic file (type png)
<use Error_vs_PolyDegree.png>
Package pdftex.def Info: Error_vs_PolyDegree.png  used on input line 184.
(pdftex.def)             Requested size: 469.75502pt x 352.33655pt.

! LaTeX Error: \begin{figure} on input line 181 ended by \end{subfigure}.

See the LaTeX manual or LaTeX Companion for explanation.
Type  H <return>  for immediate help.
 ...                                              
                                                  
l.186 		\end{subfigure}
                       
? 
[5 <./Error_vs_PolyDegree.png>]

! LaTeX Error: Environment subfigure undefined.

See the LaTeX manual or LaTeX Companion for explanation.
Type  H <return>  for immediate help.
 ...                                              
                                                  
l.200 		\begin{subfigure}
                         [b]{0.4\linewidth}
? 
! Missing number, treated as zero.
<to be read again> 
                   }
l.200 		\begin{subfigure}[b]{0.4\linewidth}
                                           
? 
! Illegal unit of measure (pt inserted).
<to be read again> 
                   }
l.200 		\begin{subfigure}[b]{0.4\linewidth}
                                           
? 
<Error_vs_PolyDegreenorm.png, id=55, 462.528pt x 346.896pt>
File: Error_vs_PolyDegreenorm.png Graphic file (type png)
<use Error_vs_PolyDegreenorm.png>
Package pdftex.def Info: Error_vs_PolyDegreenorm.png  used on input line 201.
(pdftex.def)             Requested size: 469.75502pt x 352.33655pt.

! LaTeX Error: \begin{figure} on input line 198 ended by \end{subfigure}.

See the LaTeX manual or LaTeX Companion for explanation.
Type  H <return>  for immediate help.
 ...                                              
                                                  
l.203 		\end{subfigure}
                       
? 

! LaTeX Error: Something's wrong--perhaps a missing \item.

See the LaTeX manual or LaTeX Companion for explanation.
Type  H <return>  for immediate help.
 ...                                              
                                                  
l.206 \end{enumerate}
                     
? 
[6 <./Error_vs_PolyDegreenorm.png>]

! LaTeX Error: Environment subfigure undefined.

See the LaTeX manual or LaTeX Companion for explanation.
Type  H <return>  for immediate help.
 ...                                              
                                                  
l.214 		\begin{subfigure}
                         [b]{0.4\linewidth}
? 
! Missing number, treated as zero.
<to be read again> 
                   }
l.214 		\begin{subfigure}[b]{0.4\linewidth}
                                           
? 
! Illegal unit of measure (pt inserted).
<to be read again> 
                   }
l.214 		\begin{subfigure}[b]{0.4\linewidth}
                                           
? 
<Bargraph.png, id=64, 462.528pt x 346.896pt>
File: Bargraph.png Graphic file (type png)
<use Bargraph.png>
Package pdftex.def Info: Bargraph.png  used on input line 215.
(pdftex.def)             Requested size: 469.75502pt x 352.33655pt.

! LaTeX Error: \begin{figure} on input line 212 ended by \end{subfigure}.

See the LaTeX manual or LaTeX Companion for explanation.
Type  H <return>  for immediate help.
 ...                                              
                                                  
l.217 		\end{subfigure}
                       
? 

! LaTeX Error: Something's wrong--perhaps a missing \item.

See the LaTeX manual or LaTeX Companion for explanation.
Type  H <return>  for immediate help.
 ...                                              
                                                  
l.219 \end{enumerate}
                     
? 
[7 <./Bargraph.png>]

! LaTeX Error: Environment subfigure undefined.

See the LaTeX manual or LaTeX Companion for explanation.
Type  H <return>  for immediate help.
 ...                                              
                                                  
l.229 		\begin{subfigure}
                         [b]{0.4\linewidth}
? 
! Missing number, treated as zero.
<to be read again> 
                   }
l.229 		\begin{subfigure}[b]{0.4\linewidth}
                                           
? 
! Illegal unit of measure (pt inserted).
<to be read again> 
                   }
l.229 		\begin{subfigure}[b]{0.4\linewidth}
                                           
? 
<GNICurve.png, id=72, 462.528pt x 346.896pt>
File: GNICurve.png Graphic file (type png)
<use GNICurve.png>
Package pdftex.def Info: GNICurve.png  used on input line 230.
(pdftex.def)             Requested size: 469.75502pt x 352.33655pt.

! LaTeX Error: \begin{figure} on input line 227 ended by \end{subfigure}.

See the LaTeX manual or LaTeX Companion for explanation.
Type  H <return>  for immediate help.
 ...                                              
                                                  
l.232 		\end{subfigure}
                       
? 

! LaTeX Error: Something's wrong--perhaps a missing \item.

See the LaTeX manual or LaTeX Companion for explanation.
Type  H <return>  for immediate help.
 ...                                              
                                                  
l.235 \end{enumerate}
                     
? 
[8 <./GNICurve.png>]

! LaTeX Error: Environment subfigure undefined.

See the LaTeX manual or LaTeX Companion for explanation.
Type  H <return>  for immediate help.
 ...                                              
                                                  
l.244 	\begin{subfigure}
                        [b]{0.4\linewidth}
? 
! Missing number, treated as zero.
<to be read again> 
                   }
l.244 	\begin{subfigure}[b]{0.4\linewidth}
                                          
? 
! Illegal unit of measure (pt inserted).
<to be read again> 
                   }
l.244 	\begin{subfigure}[b]{0.4\linewidth}
                                          
? 
<LifeExpectancy.png, id=80, 462.528pt x 346.896pt>
File: LifeExpectancy.png Graphic file (type png)
<use LifeExpectancy.png>
Package pdftex.def Info: LifeExpectancy.png  used on input line 245.
(pdftex.def)             Requested size: 469.75502pt x 352.33655pt.

! LaTeX Error: \begin{figure} on input line 242 ended by \end{subfigure}.

See the LaTeX manual or LaTeX Companion for explanation.
Type  H <return>  for immediate help.
 ...                                              
                                                  
l.247 	\end{subfigure}
                      
? 
[9 <./LifeExpectancy.png>]
! Argument of \@xfloat has an extra }.
<inserted text> 
                \par 
l.254 \begin{figure}[h!}
                        
? 
Runaway argument?
h!
! Paragraph ended before \@xfloat was complete.
<to be read again> 
                   \par 
l.254 \begin{figure}[h!}
                        
? 
! Extra }, or forgotten \endgroup.
<recently read> }
                 
l.254 \begin{figure}[h!}
                        
? 

! LaTeX Error: Environment subfigure undefined.

See the LaTeX manual or LaTeX Companion for explanation.
Type  H <return>  for immediate help.
 ...                                              
                                                  
l.256 	\begin{subfigure}
                        [b]{0.4\linewidth}
? 
! Missing number, treated as zero.
<to be read again> 
                   }
l.256 	\begin{subfigure}[b]{0.4\linewidth}
                                          
? 
! Illegal unit of measure (pt inserted).
<to be read again> 
                   }
l.256 	\begin{subfigure}[b]{0.4\linewidth}
                                          
? 
<Literacypolynomial.png, id=88, 462.528pt x 346.896pt>
File: Literacypolynomial.png Graphic file (type png)
<use Literacypolynomial.png>
Package pdftex.def Info: Literacypolynomial.png  used on input line 257.
(pdftex.def)             Requested size: 469.75502pt x 352.33655pt.

! LaTeX Error: \caption outside float.

See the LaTeX manual or LaTeX Companion for explanation.
Type  H <return>  for immediate help.
 ...                                              
                                                  
l.258 		\caption
                {Our curve fitted against our training and test points with ...

? 

! LaTeX Error: \begin{figure} on input line 254 ended by \end{subfigure}.

See the LaTeX manual or LaTeX Companion for explanation.
Type  H <return>  for immediate help.
 ...                                              
                                                  
l.259 	\end{subfigure}
                      
? 
! Extra }, or forgotten \endgroup.
\@endfloatbox ...pagefalse \outer@nobreak \egroup 
                                                  \color@endbox 
l.260 \end{figure}
                  
? 
[10 <./Literacypolynomial.png>]

! LaTeX Error: There's no line here to end.

See the LaTeX manual or LaTeX Companion for explanation.
Type  H <return>  for immediate help.
 ...                                              
                                                  
l.266 R
       esponse to section "ReLU Basis Function"
? 

! LaTeX Error: Environment subfigure undefined.

See the LaTeX manual or LaTeX Companion for explanation.
Type  H <return>  for immediate help.
 ...                                              
                                                  
l.270 	\begin{subfigure}
                        [b]{0.4\linewidth}
? 
! Missing number, treated as zero.
<to be read again> 
                   }
l.270 	\begin{subfigure}[b]{0.4\linewidth}
                                          
? 
! Illegal unit of measure (pt inserted).
<to be read again> 
                   }
l.270 	\begin{subfigure}[b]{0.4\linewidth}
                                          
? 
<ReLu.png, id=95, 462.528pt x 346.896pt>
File: ReLu.png Graphic file (type png)
<use ReLu.png>
Package pdftex.def Info: ReLu.png  used on input line 271.
(pdftex.def)             Requested size: 469.75502pt x 352.33655pt.

! LaTeX Error: \begin{figure} on input line 268 ended by \end{subfigure}.

See the LaTeX manual or LaTeX Companion for explanation.
Type  H <return>  for immediate help.
 ...                                              
                                                  
l.273 	\end{subfigure}
                      
? 
[11 <./ReLu.png>]

! LaTeX Error: There's no line here to end.

See the LaTeX manual or LaTeX Companion for explanation.
Type  H <return>  for immediate help.
 ...                                              
                                                  
l.280 R
       esponse to section "Polynomial Regression, Regularization"
? 

! LaTeX Error: Environment subfigure undefined.

See the LaTeX manual or LaTeX Companion for explanation.
Type  H <return>  for immediate help.
 ...                                              
                                                  
l.284 	\begin{subfigure}
                        [b]{0.4\linewidth}
? 
! Missing number, treated as zero.
<to be read again> 
                   }
l.284 	\begin{subfigure}[b]{0.4\linewidth}
                                          
? 
! Illegal unit of measure (pt inserted).
<to be read again> 
                   }
l.284 	\begin{subfigure}[b]{0.4\linewidth}
                                          
? 
<VL.png, id=103, 462.528pt x 346.896pt>
File: VL.png Graphic file (type png)
<use VL.png>
Package pdftex.def Info: VL.png  used on input line 285.
(pdftex.def)             Requested size: 469.75502pt x 352.33655pt.

! LaTeX Error: \begin{figure} on input line 282 ended by \end{subfigure}.

See the LaTeX manual or LaTeX Companion for explanation.
Type  H <return>  for immediate help.
 ...                                              
                                                  
l.287 	\end{subfigure}
                      
? 
Package atveryend Info: Empty hook `BeforeClearDocument' on input line 291.
[12 <./VL.png>]
Package atveryend Info: Empty hook `AfterLastShipout' on input line 291.
 (./report.aux)
Package atveryend Info: Executing hook `AtVeryEndDocument' on input line 291.
Package atveryend Info: Executing hook `AtEndAfterFileList' on input line 291.


Package rerunfilecheck Warning: File `report.out' has changed.
(rerunfilecheck)                Rerun to get outlines right
(rerunfilecheck)                or use package `bookmark'.

Package rerunfilecheck Info: Checksums for `report.out':
(rerunfilecheck)             Before: <no file>
(rerunfilecheck)             After:  0969DB1D06B97F5C78DA4ADE8F934B56;610.

LaTeX Font Warning: Some font shapes were not available, defaults substituted.


LaTeX Warning: Label(s) may have changed. Rerun to get cross-references right.

Package atveryend Info: Empty hook `AtVeryVeryEnd' on input line 291.
 ) 
Here is how much of TeX's memory you used:
 6971 strings out of 492982
 102020 string characters out of 6134896
 296201 words of memory out of 5000000
 10454 multiletter control sequences out of 15000+600000
 5305 words of font info for 20 fonts, out of 8000000 for 9000
 1141 hyphenation exceptions out of 8191
 42i,10n,43p,535b,346s stack positions out of 5000i,500n,10000p,200000b,80000s
</usr/share/texlive/texmf-dist/fonts/type1/public/amsfonts/cm/cmbx12.pfb></us
r/share/texlive/texmf-dist/fonts/type1/public/amsfonts/cm/cmex10.pfb></usr/shar
e/texlive/texmf-dist/fonts/type1/public/amsfonts/cm/cmmi10.pfb></usr/share/texl
ive/texmf-dist/fonts/type1/public/amsfonts/cm/cmmi5.pfb></usr/share/texlive/tex
mf-dist/fonts/type1/public/amsfonts/cm/cmmi7.pfb></usr/share/texlive/texmf-dist
/fonts/type1/public/amsfonts/cm/cmr10.pfb></usr/share/texlive/texmf-dist/fonts/
type1/public/amsfonts/cm/cmr5.pfb></usr/share/texlive/texmf-dist/fonts/type1/pu
blic/amsfonts/cm/cmr7.pfb></usr/share/texlive/texmf-dist/fonts/type1/public/ams
fonts/cm/cmsy10.pfb></usr/share/texlive/texmf-dist/fonts/type1/public/amsfonts/
cm/cmsy7.pfb>
Output written on report.pdf (13 pages, 284892 bytes).
PDF statistics:
 157 PDF objects out of 1000 (max. 8388607)
 114 compressed objects within 2 object streams
 40 named destinations out of 1000 (max. 500000)
 41 words of extra memory for PDF output out of 10000 (max. 10000000)

